C:\USERS\MSRAL\DOCUMENTS\VISUAL STUDIO 2012\PROJECTS\SURFFLANNER_SAMPLE\SURFFLANNER_SAMPLE\DEBUG\SURFFLANNER_SAMPLE.PCH
C:\USERS\MSRAL\DOCUMENTS\VISUAL STUDIO 2012\PROJECTS\SURFFLANNER_SAMPLE\SURFFLANNER_SAMPLE\DEBUG\STDAFX.OBJ
C:\USERS\MSRAL\DOCUMENTS\VISUAL STUDIO 2012\PROJECTS\SURFFLANNER_SAMPLE\SURFFLANNER_SAMPLE\DEBUG\VC100.PDB
C:\USERS\MSRAL\DOCUMENTS\VISUAL STUDIO 2012\PROJECTS\SURFFLANNER_SAMPLE\SURFFLANNER_SAMPLE\DEBUG\SURFFLANNER_SAMPLE.OBJ
C:\USERS\MSRAL\DOCUMENTS\VISUAL STUDIO 2012\PROJECTS\SURFFLANNER_SAMPLE\DEBUG\SURFFLANNER_SAMPLE.EXE
C:\USERS\MSRAL\DOCUMENTS\VISUAL STUDIO 2012\PROJECTS\SURFFLANNER_SAMPLE\SURFFLANNER_SAMPLE\DEBUG\SURFFLANNER_SAMPLE.EXE.INTERMEDIATE.MANIFEST
C:\USERS\MSRAL\DOCUMENTS\VISUAL STUDIO 2012\PROJECTS\SURFFLANNER_SAMPLE\DEBUG\SURFFLANNER_SAMPLE.PDB
C:\Users\msral\Documents\Visual Studio 2012\Projects\SurfFlanner_sample\SurfFlanner_sample\Debug\stdafx.obj
C:\Users\msral\Documents\Visual Studio 2012\Projects\SurfFlanner_sample\SurfFlanner_sample\Debug\SurfFlanner_sample.obj
C:\Users\msral\Documents\Visual Studio 2012\Projects\SurfFlanner_sample\SurfFlanner_sample\Debug\cl.command.1.tlog
C:\Users\msral\Documents\Visual Studio 2012\Projects\SurfFlanner_sample\SurfFlanner_sample\Debug\CL.read.1.tlog
C:\Users\msral\Documents\Visual Studio 2012\Projects\SurfFlanner_sample\SurfFlanner_sample\Debug\CL.write.1.tlog
C:\Users\msral\Documents\Visual Studio 2012\Projects\SurfFlanner_sample\SurfFlanner_sample\Debug\link.command.1.tlog
C:\Users\msral\Documents\Visual Studio 2012\Projects\SurfFlanner_sample\SurfFlanner_sample\Debug\link.read.1.tlog
C:\Users\msral\Documents\Visual Studio 2012\Projects\SurfFlanner_sample\SurfFlanner_sample\Debug\link.write.1.tlog
C:\Users\msral\Documents\Visual Studio 2012\Projects\SurfFlanner_sample\SurfFlanner_sample\Debug\mt.command.1.tlog
C:\Users\msral\Documents\Visual Studio 2012\Projects\SurfFlanner_sample\SurfFlanner_sample\Debug\mt.read.1.tlog
C:\Users\msral\Documents\Visual Studio 2012\Projects\SurfFlanner_sample\SurfFlanner_sample\Debug\mt.write.1.tlog
C:\Users\msral\Documents\Visual Studio 2012\Projects\SurfFlanner_sample\SurfFlanner_sample\Debug\SurfFlanner_sample.exe.intermediate.manifest
C:\Users\msral\Documents\Visual Studio 2012\Projects\SurfFlanner_sample\SurfFlanner_sample\Debug\SurfFlanner_sample.pch
C:\Users\msral\Documents\Visual Studio 2012\Projects\SurfFlanner_sample\SurfFlanner_sample\Debug\vc100.idb
C:\Users\msral\Documents\Visual Studio 2012\Projects\SurfFlanner_sample\SurfFlanner_sample\Debug\vc100.pdb
C:\Users\msral\Documents\Visual Studio 2012\Projects\SurfFlanner_sample\Debug\SurfFlanner_sample.pdb
C:\Users\msral\Documents\Visual Studio 2012\Projects\SurfFlanner_sample\Debug\SurfFlanner_sample.exe
