Build started 7/10/2014 6:24:33 PM.
     1>Project "C:\Users\msral\Documents\Visual Studio 2012\Projects\SurfFlanner_sample\SurfFlanner_sample\SurfFlanner_sample.vcxproj" on node 2 (Build target(s)).
     1>ClCompile:
         C:\Program Files (x86)\Microsoft Visual Studio 10.0\VC\bin\CL.exe /c /I"C:\Users\msral\Documents\Visual Studio 2012\opencv\build\include" /ZI /nologo /W3 /WX- /Od /Oy- /D WIN32 /D _DEBUG /D _CONSOLE /D _UNICODE /D UNICODE /Gm /EHsc /RTC1 /MDd /GS /fp:precise /Zc:wchar_t /Zc:forScope /Yu"StdAfx.h" /Fp"Debug\SurfFlanner_sample.pch" /Fo"Debug\\" /Fd"Debug\vc100.pdb" /Gd /TP /analyze- /errorReport:prompt SurfFlanner_sample.cpp
         SurfFlanner_sample.cpp
     1>c:\users\msral\documents\visual studio 2012\projects\surfflanner_sample\surfflanner_sample\surfflanner_sample.cpp(457): warning C4018: '<' : signed/unsigned mismatch
     1>c:\users\msral\documents\visual studio 2012\projects\surfflanner_sample\surfflanner_sample\surfflanner_sample.cpp(515): warning C4018: '<' : signed/unsigned mismatch
     1>c:\users\msral\documents\visual studio 2012\projects\surfflanner_sample\surfflanner_sample\surfflanner_sample.cpp(554): warning C4244: '=' : conversion from 'double' to 'float', possible loss of data
     1>c:\users\msral\documents\visual studio 2012\projects\surfflanner_sample\surfflanner_sample\surfflanner_sample.cpp(554): warning C4244: '=' : conversion from 'double' to 'float', possible loss of data
     1>c:\users\msral\documents\visual studio 2012\projects\surfflanner_sample\surfflanner_sample\surfflanner_sample.cpp(790): warning C4018: '<' : signed/unsigned mismatch
     1>c:\users\msral\documents\visual studio 2012\projects\surfflanner_sample\surfflanner_sample\surfflanner_sample.cpp(848): warning C4018: '<' : signed/unsigned mismatch
     1>c:\users\msral\documents\visual studio 2012\projects\surfflanner_sample\surfflanner_sample\surfflanner_sample.cpp(904): warning C4244: '=' : conversion from 'double' to 'float', possible loss of data
     1>c:\users\msral\documents\visual studio 2012\projects\surfflanner_sample\surfflanner_sample\surfflanner_sample.cpp(904): warning C4244: '=' : conversion from 'double' to 'float', possible loss of data
     1>c:\users\msral\documents\visual studio 2012\projects\surfflanner_sample\surfflanner_sample\surfflanner_sample.cpp(915): warning C4244: 'initializing' : conversion from 'float' to 'int', possible loss of data
     1>c:\users\msral\documents\visual studio 2012\projects\surfflanner_sample\surfflanner_sample\surfflanner_sample.cpp(915): warning C4244: 'initializing' : conversion from 'float' to 'int', possible loss of data
     1>c:\users\msral\documents\visual studio 2012\projects\surfflanner_sample\surfflanner_sample\surfflanner_sample.cpp(961): warning C4244: '=' : conversion from 'float' to 'int', possible loss of data
     1>c:\users\msral\documents\visual studio 2012\projects\surfflanner_sample\surfflanner_sample\surfflanner_sample.cpp(961): warning C4244: '=' : conversion from 'float' to 'int', possible loss of data
     1>c:\users\msral\documents\visual studio 2012\projects\surfflanner_sample\surfflanner_sample\surfflanner_sample.cpp(965): warning C4102: 'next' : unreferenced label
     1>c:\users\msral\documents\visual studio 2012\projects\surfflanner_sample\surfflanner_sample\surfflanner_sample.cpp(401): warning C4102: 'feature_track' : unreferenced label
     1>c:\users\msral\documents\visual studio 2012\projects\surfflanner_sample\surfflanner_sample\surfflanner_sample.cpp(349): warning C4101: 'en' : unreferenced local variable
     1>c:\users\msral\documents\visual studio 2012\projects\surfflanner_sample\surfflanner_sample\surfflanner_sample.cpp(341): warning C4101: 'frame_small' : unreferenced local variable
       Link:
         C:\Program Files (x86)\Microsoft Visual Studio 10.0\VC\bin\link.exe /ERRORREPORT:PROMPT /OUT:"C:\Users\msral\Documents\Visual Studio 2012\Projects\SurfFlanner_sample\Debug\SurfFlanner_sample.exe" /INCREMENTAL:NO /NOLOGO /LIBPATH:"C:\Users\msral\Documents\Visual Studio 2012\opencv\build\x86\vc10\lib" opencv_calib3d249d.lib opencv_contrib249d.lib opencv_core249d.lib opencv_features2d249d.lib opencv_flann249d.lib opencv_gpu249d.lib opencv_highgui249d.lib opencv_imgproc249d.lib opencv_legacy249d.lib opencv_ml249d.lib opencv_nonfree249d.lib opencv_objdetect249d.lib opencv_photo249d.lib opencv_stitching249d.lib opencv_ts249d.lib opencv_video249d.lib opencv_videostab249d.lib kernel32.lib user32.lib gdi32.lib winspool.lib comdlg32.lib advapi32.lib shell32.lib ole32.lib oleaut32.lib uuid.lib odbc32.lib odbccp32.lib /MANIFEST /ManifestFile:"Debug\SurfFlanner_sample.exe.intermediate.manifest" /MANIFESTUAC:"level='asInvoker' uiAccess='false'" /DEBUG /PDB:"C:\Users\msral\Documents\Visual Studio 2012\Projects\SurfFlanner_sample\Debug\SurfFlanner_sample.pdb" /SUBSYSTEM:CONSOLE /TLBID:1 /DYNAMICBASE /NXCOMPAT /IMPLIB:"C:\Users\msral\Documents\Visual Studio 2012\Projects\SurfFlanner_sample\Debug\SurfFlanner_sample.lib" /MACHINE:X86 Debug\stdafx.obj
         Debug\SurfFlanner_sample.obj
     1>stdafx.obj : warning LNK4075: ignoring '/EDITANDCONTINUE' due to '/INCREMENTAL:NO' specification
         SurfFlanner_sample.vcxproj -> C:\Users\msral\Documents\Visual Studio 2012\Projects\SurfFlanner_sample\Debug\SurfFlanner_sample.exe
       Manifest:
         C:\Program Files (x86)\Microsoft SDKs\Windows\v7.0A\bin\mt.exe /nologo /verbose /outputresource:"C:\Users\msral\Documents\Visual Studio 2012\Projects\SurfFlanner_sample\Debug\SurfFlanner_sample.exe;#1" /manifest Debug\SurfFlanner_sample.exe.intermediate.manifest
     1>Done Building Project "C:\Users\msral\Documents\Visual Studio 2012\Projects\SurfFlanner_sample\SurfFlanner_sample\SurfFlanner_sample.vcxproj" (Build target(s)).

Build succeeded.

Time Elapsed 00:00:00.61
